<?xml version="1.0" encoding="UTF-8"?>
<!-- Generated by org.testng.reporters.JUnitXMLReporter -->
<testsuite hostname="RamuNimmana-PC" ignored="0" name="Default test" tests="2" failures="0" timestamp="2020-05-17T19:12:15 IST" time="11.197" errors="0">
  <testcase name="navigateToinputElementsPageTest" time="1.034" classname="com.qa.testcases.InputElementsPageTests"/>
  <testcase name="inputElementsPageTitleTest" time="0.012" classname="com.qa.testcases.InputElementsPageTests"/>
</testsuite> <!-- Default test -->
