<?xml version="1.0" encoding="UTF-8"?>
<!-- Generated by org.testng.reporters.JUnitXMLReporter -->
<testsuite hostname="rnimmana-mac" ignored="0" name="Selenium Easy Test Site Test Cases" tests="2" failures="1" timestamp="25 Mar 2021 05:58:13 GMT" time="1.559" errors="0">
  <testcase name="@AfterMethod assertAll" time="0.0" classname="com.qa.testcases.DummyTestClass1">
    <failure type="java.lang.AssertionError" message="The following asserts failed:
	expected [Assert] but found [Soft]">
      <![CDATA[java.lang.AssertionError: The following asserts failed:
expected [Assert] but found [Soft]
at com.qa.util.Asserter.assertAll(Asserter.java:32)
at com.qa.testcases.DummyTestClass1.assertAll(DummyTestClass1.java:19)
... Removed 29 stack frames]]>
    </failure>
  </testcase> <!-- @AfterMethod assertAll -->
  <testcase name="dummyOne_FailTest" time="0.049" classname="com.qa.testcases.DummyTestClass1">
    <failure type="java.lang.AssertionError" message="expected [expected] but found [actual]">
      <![CDATA[java.lang.AssertionError: expected [expected] but found [actual]
at com.qa.util.Asserter.assertValues(Asserter.java:25)
at com.qa.testcases.DummyTestClass1.dummyOne_FailTest(DummyTestClass1.java:24)
... Removed 26 stack frames]]>
    </failure>
  </testcase> <!-- dummyOne_FailTest -->
  <testcase name="dummyOne_PassTest" time="0.004" classname="com.qa.testcases.DummyTestClass1"/>
</testsuite> <!-- Selenium Easy Test Site Test Cases -->
